0	1	mikroCARM.exe -MSF -DBG -pSTM32F107VC -BIN -LHF -DL -SSA -O11111114 -fo72 -N"C:\Users\aleksandar.paunovic\Desktop\FM Click\example\c\ARM\STM\Click_FM_STM.mcpar" -SP"C:\Users\Public\Documents\Mikroelektronika\mikroC PRO for ARM\Defs\" -SP"C:\Users\Public\Documents\Mikroelektronika\mikroC PRO for ARM\Uses\ST M3\" -SP"C:\Users\aleksandar.paunovic\Desktop\FM Click\example\c\ARM\STM\" -SP"C:\Users\aleksandar.paunovic\Desktop\FM Click\library\HAL\" -SP"C:\Users\aleksandar.paunovic\Desktop\FM Click\library\" -SP"C:\Users\Public\Documents\Mikroelektronika\mikroC PRO for ARM\Packages\mikroBUS Board Definition API\Uses\" -IP"C:\Users\Public\Documents\Mikroelektronika\mikroC PRO for ARM\Uses\TI M3\" -IP"C:\Users\aleksandar.paunovic\Desktop\FM Click\example\c\ARM\STM\" -IP"C:\Users\aleksandar.paunovic\Desktop\FM Click\library\" -IP"C:\Users\aleksandar.paunovic\Desktop\FM Click\library\HAL\" -IP"C:\Users\Public\Documents\Mikroelektronika\mikroC PRO for ARM\Packages\mikroBUS Board Definition API\Uses\" "Click_FM_STM.c" "__fm_driver.c" "__Lib_Math.emcl" "__Lib_MathDouble.emcl" "__Lib_Delays.emcl" "__Lib_System_105_107.emcl" "__Lib_GPIO_32F10x_Defs.emcl" "__Lib_GPIO_32F10x.emcl" "__Lib_CString.emcl" "__Lib_Conversions.emcl" "__Lib_I2C_12.emcl" "__Lib_UART_123_45.emcl" "easymx_v7_STM32F107VC.emcl" "Click_FM.pld"	 
diagnostics: 0	122	Compilation Started	stdint.h
diagnostics: 595	123	Compiled Successfully	Click_FM_STM.c
diagnostics: 0	122	Compilation Started	stdint.h
hint: 661	1163	Variable 'band_' has been declared, but not used	__fm_driver.c
diagnostics: 1027	123	Compiled Successfully	__fm_driver.c
hint: 323	1164	Variable 'tmp' has been eliminated by optimizer	__fm_driver.c
hint: 84	1164	Variable 'tmp' has been eliminated by optimizer	__fm_driver.c
hint: 101	1164	Variable 'ptr' has been eliminated by optimizer	__fm_driver.c
hint: 109	1164	Variable 'ptr' has been eliminated by optimizer	__fm_driver.c
hint: 380	1164	Variable 'auxVariable' has been eliminated by optimizer	__fm_driver.c
hint: 382	1164	Variable 'nErrors' has been eliminated by optimizer	__fm_driver.c
hint: 400	1164	Variable 'auxVariable' has been eliminated by optimizer	__fm_driver.c
hint: 402	1164	Variable 'rssiValue' has been eliminated by optimizer	__fm_driver.c
hint: 418	1164	Variable 'auxVariable' has been eliminated by optimizer	__fm_driver.c
hint: 420	1164	Variable 'nErrors' has been eliminated by optimizer	__fm_driver.c
hint: 438	1164	Variable 'auxVariable' has been eliminated by optimizer	__fm_driver.c
hint: 440	1164	Variable 'nErrors' has been eliminated by optimizer	__fm_driver.c
hint: 458	1164	Variable 'auxVariable' has been eliminated by optimizer	__fm_driver.c
hint: 460	1164	Variable 'nErrors' has been eliminated by optimizer	__fm_driver.c
hint: 478	1164	Variable 'channel_' has been eliminated by optimizer	__fm_driver.c
hint: 481	1164	Variable 'channelFrequency_' has been eliminated by optimizer	__fm_driver.c
hint: 624	1164	Variable 'channel_' has been eliminated by optimizer	__fm_driver.c
hint: 653	1164	Variable 'channelLimitUp' has been eliminated by optimizer	__fm_driver.c
hint: 662	1164	Variable 'aux_' has been eliminated by optimizer	__fm_driver.c
hint: 843	1164	Variable 'channelLimitUp' has been eliminated by optimizer	__fm_driver.c
hint: 853	1164	Variable 'aux_' has been eliminated by optimizer	__fm_driver.c
hint: 929	1164	Variable 'channelLimitUp' has been eliminated by optimizer	__fm_driver.c
hint: 938	1164	Variable 'aux_' has been eliminated by optimizer	__fm_driver.c
hint: 1013	1164	Variable 'status_' has been eliminated by optimizer	__fm_driver.c
hint: 1022	1164	Variable 'status_' has been eliminated by optimizer	__fm_driver.c
diagnostics: 0	127	All files Compiled in 172 ms	 
hint: 0	1144	Used RX: 16 (100%)   Free RX: 0 (0%)	Used RX: 16 (100%)   Free RX: 0 (0%)
hint: 0	1144	Static RAM (bytes): 920   Dynamic RAM (bytes): 64613	Static RAM (bytes): 920   Dynamic RAM (bytes): 64613
hint: 0	1144	Used ROM (bytes): 17054 (7%)  Free ROM (bytes): 245090 (93%)	Used ROM (bytes): 17054 (7%)  Free ROM (bytes): 245090 (93%)
diagnostics: 0	125	Project Linked Successfully	Click_FM_STM.mcpar
diagnostics: 0	128	Linked in 266 ms	 
diagnostics: 0	129	Project 'Click_FM_STM.mcpar' completed: 547 ms	 
diagnostics: 0	103	Finished successfully: 20 Nov 2018, 09:52:26	Click_FM_STM.mcpar
