0	1	mikroCARM.exe -MSF -DBG -pTM4C129XNCZAD -BIN -DL -SSA -O11111114 -fo120 -N"C:\Users\aleksandar.paunovic\Desktop\FM Click\example\c\ARM\TIVA\Click_FM_TIVA.mcpar" -SP"C:\Users\Public\Documents\Mikroelektronika\mikroC PRO for ARM\Defs\" -SP"C:\Users\Public\Documents\Mikroelektronika\mikroC PRO for ARM\Uses\TI M4\" -SP"C:\Users\aleksandar.paunovic\Desktop\FM Click\example\c\ARM\TIVA\" -SP"C:\Users\aleksandar.paunovic\Desktop\FM Click\library\HAL\" -SP"C:\Users\aleksandar.paunovic\Desktop\FM Click\library\" -SP"C:\Users\Public\Documents\Mikroelektronika\mikroC PRO for ARM\Packages\mikroBUS Board Definition API\Uses\" -IP"C:\Users\Public\Documents\Mikroelektronika\mikroC PRO for ARM\Uses\TI M4\" -IP"C:\Users\aleksandar.paunovic\Desktop\FM Click\example\c\ARM\TIVA\" -IP"C:\Users\aleksandar.paunovic\Desktop\FM Click\library\" -IP"C:\Users\aleksandar.paunovic\Desktop\FM Click\library\HAL\" -IP"C:\Users\Public\Documents\Mikroelektronika\mikroC PRO for ARM\Packages\mikroBUS Board Definition API\Uses\" "Click_FM_TIVA.c" "__fm_driver.c" "__Lib_Math.emcl" "__Lib_Delays.emcl" "__Lib_MathDouble.emcl" "__Lib_System_TIVA.emcl" "__Lib_GPIO_6_Defs.emcl" "__Lib_GPIO_6.emcl" "__Lib_CString.emcl" "__Lib_Conversions.emcl" "__Lib_I2C_09.emcl" "__Lib_UART_07.emcl" "easymx_v7_TM4C129XNCZAD.emcl" "Click_FM.pld"	 
diagnostics: 0	122	Compilation Started	stdint.h
diagnostics: 496	123	Compiled Successfully	Click_FM_TIVA.c
diagnostics: 0	122	Compilation Started	stdint.h
diagnostics: 948	123	Compiled Successfully	__fm_driver.c
hint: 323	1164	Variable 'tmp' has been eliminated by optimizer	__fm_driver.c
hint: 92	1164	Variable 'tmp' has been eliminated by optimizer	__fm_driver.c
hint: 382	1164	Variable 'auxVariable' has been eliminated by optimizer	__fm_driver.c
hint: 384	1164	Variable 'nErrors' has been eliminated by optimizer	__fm_driver.c
hint: 402	1164	Variable 'auxVariable' has been eliminated by optimizer	__fm_driver.c
hint: 404	1164	Variable 'rssiValue' has been eliminated by optimizer	__fm_driver.c
hint: 420	1164	Variable 'auxVariable' has been eliminated by optimizer	__fm_driver.c
hint: 422	1164	Variable 'nErrors' has been eliminated by optimizer	__fm_driver.c
hint: 440	1164	Variable 'auxVariable' has been eliminated by optimizer	__fm_driver.c
hint: 442	1164	Variable 'nErrors' has been eliminated by optimizer	__fm_driver.c
hint: 460	1164	Variable 'auxVariable' has been eliminated by optimizer	__fm_driver.c
hint: 462	1164	Variable 'nErrors' has been eliminated by optimizer	__fm_driver.c
hint: 480	1164	Variable 'channel_' has been eliminated by optimizer	__fm_driver.c
hint: 483	1164	Variable 'channelFrequency_' has been eliminated by optimizer	__fm_driver.c
hint: 626	1164	Variable 'channel_' has been eliminated by optimizer	__fm_driver.c
hint: 661	1164	Variable 'aux_' has been eliminated by optimizer	__fm_driver.c
hint: 934	1164	Variable 'status_' has been eliminated by optimizer	__fm_driver.c
hint: 943	1164	Variable 'status_' has been eliminated by optimizer	__fm_driver.c
diagnostics: 0	127	All files Compiled in 204 ms	 
hint: 0	1144	Used RX: 16 (100%)   Free RX: 0 (0%)	Used RX: 16 (100%)   Free RX: 0 (0%)
hint: 0	1144	Static RAM (bytes): 3488   Dynamic RAM (bytes): 258653	Static RAM (bytes): 3488   Dynamic RAM (bytes): 258653
hint: 0	1144	Used ROM (bytes): 20528 (2%)  Free ROM (bytes): 1028048 (98%)	Used ROM (bytes): 20528 (2%)  Free ROM (bytes): 1028048 (98%)
diagnostics: 0	125	Project Linked Successfully	Click_FM_TIVA.mcpar
diagnostics: 0	128	Linked in 671 ms	 
diagnostics: 0	129	Project 'Click_FM_TIVA.mcpar' completed: 1156 ms	 
diagnostics: 0	103	Finished successfully: 19 Nov 2018, 17:45:03	Click_FM_TIVA.mcpar
