0	1	mikroCPIC1618.exe -MSF -DBG -pP18F87K22 -RA -DL -O11111114 -fo64 -N"C:\Users\aleksandar.paunovic\Desktop\FM Click\example\c\PIC\Click_FM_PIC.mcppi" -SP"C:\Users\Public\Documents\Mikroelektronika\mikroC PRO for PIC\Defs\" -SP"C:\Users\Public\Documents\Mikroelektronika\mikroC PRO for PIC\uses\P18\" -SP"C:\Users\aleksandar.paunovic\Desktop\FM Click\example\c\PIC\" -SP"C:\Users\aleksandar.paunovic\Desktop\FM Click\library\HAL\" -SP"C:\Users\aleksandar.paunovic\Desktop\FM Click\library\" -SP"C:\Users\Public\Documents\Mikroelektronika\mikroC PRO for PIC\Packages\mikroBUS Board Definition API\Uses\" -IP"C:\Users\Public\Documents\Mikroelektronika\mikroC PRO for PIC\uses\P18\" -IP"C:\Users\aleksandar.paunovic\Desktop\FM Click\example\c\PIC\" -IP"C:\Users\aleksandar.paunovic\Desktop\FM Click\library\" -IP"C:\Users\aleksandar.paunovic\Desktop\FM Click\library\HAL\" -IP"C:\Users\Public\Documents\Mikroelektronika\mikroC PRO for PIC\Packages\mikroBUS Board Definition API\Uses\" "Click_FM_PIC.c" "__fm_Driver.c" "__Lib_Math.mcl" "__Lib_MathDouble.mcl" "__Lib_System.mcl" "__Lib_Delays.mcl" "__Lib_CString.mcl" "__Lib_Conversions.mcl" "__Lib_I2C_c34d65_k22_k90.mcl" "__Lib_UART_c67g12.mcl" "easypicpro_v7_P18F87K22.mcl" "Click_FM.pld"	 
hint: 0	1139	Available RAM: 3841 [bytes], Available ROM: 131072 [bytes]	 
diagnostics: 0	122	Compilation Started	P18F87K22.c
diagnostics: 3486	123	Compiled Successfully	P18F87K22.c
diagnostics: 0	122	Compilation Started	__Lib_Delays.c
diagnostics: 172	123	Compiled Successfully	__Lib_Delays.c
diagnostics: 0	122	Compilation Started	stdint.h
warning: 17	1509	Generated baud rate is 4808 bps (error = 0.17 percent)	__epp_18f87k22_log.c
warning: 18	1509	Generated baud rate is 9615 bps (error = 0.16 percent)	__epp_18f87k22_log.c
warning: 19	1509	Generated baud rate is 19231 bps (error = 0.16 percent)	__epp_18f87k22_log.c
warning: 20	1509	Generated baud rate is 38462 bps (error = 0.16 percent)	__epp_18f87k22_log.c
warning: 21	1509	Generated baud rate is 57971 bps (error = 0.64 percent)	__epp_18f87k22_log.c
warning: 22	1509	Generated baud rate is 114286 bps (error = 0.79 percent)	__epp_18f87k22_log.c
warning: 33	1509	Generated baud rate is 4808 bps (error = 0.17 percent)	__epp_18f87k22_log.c
warning: 34	1509	Generated baud rate is 9615 bps (error = 0.16 percent)	__epp_18f87k22_log.c
warning: 35	1509	Generated baud rate is 19231 bps (error = 0.16 percent)	__epp_18f87k22_log.c
warning: 36	1509	Generated baud rate is 38462 bps (error = 0.16 percent)	__epp_18f87k22_log.c
warning: 37	1509	Generated baud rate is 57971 bps (error = 0.64 percent)	__epp_18f87k22_log.c
warning: 38	1509	Generated baud rate is 114286 bps (error = 0.79 percent)	__epp_18f87k22_log.c
warning: 65	1509	Generated baud rate is 4808 bps (error = 0.17 percent)	__epp_18f87k22_log.c
warning: 66	1509	Generated baud rate is 9615 bps (error = 0.16 percent)	__epp_18f87k22_log.c
warning: 67	1509	Generated baud rate is 19231 bps (error = 0.16 percent)	__epp_18f87k22_log.c
warning: 68	1509	Generated baud rate is 38462 bps (error = 0.16 percent)	__epp_18f87k22_log.c
warning: 69	1509	Generated baud rate is 57971 bps (error = 0.64 percent)	__epp_18f87k22_log.c
warning: 70	1509	Generated baud rate is 114286 bps (error = 0.79 percent)	__epp_18f87k22_log.c
diagnostics: 349	123	Compiled Successfully	easypicpro_v7_P18F87K22.c
diagnostics: 0	122	Compilation Started	stdint.h
diagnostics: 495	123	Compiled Successfully	Click_FM_PIC.c
diagnostics: 0	122	Compilation Started	stdint.h
diagnostics: 948	123	Compiled Successfully	__fm_Driver.c
hint: 323	1164	Variable 'tmp' has been eliminated by optimizer	__fm_Driver.c
hint: 95	1164	Variable 'tmp' has been eliminated by optimizer	__fm_Driver.c
hint: 382	1164	Variable 'auxVariable' has been eliminated by optimizer	__fm_Driver.c
hint: 384	1164	Variable 'nErrors' has been eliminated by optimizer	__fm_Driver.c
hint: 402	1164	Variable 'auxVariable' has been eliminated by optimizer	__fm_Driver.c
hint: 404	1164	Variable 'rssiValue' has been eliminated by optimizer	__fm_Driver.c
hint: 420	1164	Variable 'auxVariable' has been eliminated by optimizer	__fm_Driver.c
hint: 422	1164	Variable 'nErrors' has been eliminated by optimizer	__fm_Driver.c
hint: 440	1164	Variable 'auxVariable' has been eliminated by optimizer	__fm_Driver.c
hint: 442	1164	Variable 'nErrors' has been eliminated by optimizer	__fm_Driver.c
hint: 460	1164	Variable 'auxVariable' has been eliminated by optimizer	__fm_Driver.c
hint: 462	1164	Variable 'nErrors' has been eliminated by optimizer	__fm_Driver.c
hint: 480	1164	Variable 'channel_' has been eliminated by optimizer	__fm_Driver.c
hint: 483	1164	Variable 'channelFrequency_' has been eliminated by optimizer	__fm_Driver.c
hint: 626	1164	Variable 'channel_' has been eliminated by optimizer	__fm_Driver.c
hint: 661	1164	Variable 'aux_' has been eliminated by optimizer	__fm_Driver.c
hint: 934	1164	Variable 'status_' has been eliminated by optimizer	__fm_Driver.c
hint: 943	1164	Variable 'status_' has been eliminated by optimizer	__fm_Driver.c
diagnostics: 0	127	All files Compiled in 172 ms	 
hint: 0	1144	Used RAM (bytes): 3600 (94%)  Free RAM (bytes): 241 (6%)	Used RAM (bytes): 3600 (94%)  Free RAM (bytes): 241 (6%)
hint: 0	1144	Used ROM (bytes): 21691 (17%)  Free ROM (bytes): 109381 (83%)	Used ROM (bytes): 21691 (17%)  Free ROM (bytes): 109381 (83%)
diagnostics: 0	125	Project Linked Successfully	Click_FM_PIC.mcppi
diagnostics: 0	128	Linked in 94 ms	 
diagnostics: 0	129	Project 'Click_FM_PIC.mcppi' completed: 500 ms	 
diagnostics: 0	103	Finished successfully: 19 Nov 2018, 16:52:48	Click_FM_PIC.mcppi
